<?xml version="1.0" encoding="UTF-8"?>
<!-- Generated by org.testng.reporters.JUnitXMLReporter -->
<testsuite ignored="0" hostname="AmitKumar-AtlasAdm" failures="0" tests="2" name="FirefoxTest" time="47.844" errors="0" timestamp="2025-09-05T03:21:27 GMT-04:00">
  <testcase classname="com.cms.testcases.RegularizationTest" name="DeleteTestUserRecord" time="0.499"/>
  <testcase classname="com.cms.testcases.RegularizationTest" name="ValidateRegularizationFunctionality" time="38.009"/>
</testsuite> <!-- FirefoxTest -->
