<?xml version="1.0" encoding="UTF-8"?>
<!-- Generated by org.testng.reporters.JUnitXMLReporter -->
<testsuite ignored="0" hostname="ATLAS_ADMIN" failures="0" tests="1" name="TestDSM-AEIS1" time="0.045" errors="0" timestamp="2024-02-15T13:26:39 IST">
  <testcase classname="com.dms.testcases.TC_login_001" name="@BeforeClass openUrl" time="0.006">
    <failure type="java.lang.NullPointerException" message="Cannot invoke &amp;quot;org.openqa.selenium.WebDriver.manage()&amp;quot; because &amp;quot;com.dms.basetest.BaseTest.driverR&amp;quot; is null">
      <![CDATA[java.lang.NullPointerException: Cannot invoke "org.openqa.selenium.WebDriver.manage()" because "com.dms.basetest.BaseTest.driverR" is null
at com.dms.basetest.BaseTest.initBrowser(BaseTest.java:78)
at com.dms.testcases.TC_login_001.openUrl(TC_login_001.java:33)
at java.base/java.util.ArrayList.forEach(ArrayList.java:1596)
... Removed 23 stack frames]]>
    </failure>
  </testcase> <!-- @BeforeClass openUrl -->
  <testcase classname="com.dms.testcases.TC_login_001" name="@AfterClass closebrowser" time="-1.707983799264E9">
    <skipped/>
  </testcase> <!-- @AfterClass closebrowser -->
  <testcase classname="com.dms.testcases.TC_login_001" name="VerifyloginWithCorrectCredential" time="0.0">
    <skipped/>
  </testcase> <!-- VerifyloginWithCorrectCredential -->
</testsuite> <!-- TestDSM-AEIS1 -->
