<?xml version="1.0" encoding="UTF-8"?>
<!-- Generated by org.testng.reporters.JUnitXMLReporter -->
<testsuite ignored="0" hostname="AMIT-ANDT1025" failures="0" tests="5" name="Test" time="74.5" errors="0" timestamp="2025-12-18T14:15:13 IST">
  <testcase classname="com.cms.testcases.DashboardTest" name="DeleteTestUserRecord" time="2.371"/>
  <testcase classname="com.cms.testcases.DashboardTest" name="ValidateUser" time="12.529"/>
  <testcase classname="com.cms.testcases.DashboardTest" name="ValidateUserDashboardstatusFunctionality" time="16.292"/>
  <testcase classname="com.cms.testcases.DashboardTest" name="ValidateUserClockin" time="20.95"/>
  <testcase classname="com.cms.testcases.DashboardTest" name="ValidateUserStatusChangeonDashboard" time="16.209"/>
</testsuite> <!-- Test -->
