<?xml version="1.0" encoding="UTF-8"?>
<!-- Generated by org.testng.reporters.JUnitXMLReporter -->
<testsuite ignored="0" hostname="AMIT-ANDT1025" failures="1" tests="2" name="Test" time="78.599" errors="0" timestamp="2026-01-09T18:00:12 IST">
  <testcase classname="com.cms.testcases.DashboardTest" name="DeleteTestUserRecord" time="4.15"/>
  <testcase classname="com.cms.testcases.DashboardTest" name="ValidateUserStatusOnDashboard" time="66.169">
    <failure type="java.lang.AssertionError" message="The following asserts failed:
	expected [Welcome, AutomationTesting] but found [Welcome, AutomationTesting!]">
      <![CDATA[java.lang.AssertionError: The following asserts failed:
expected [Welcome, AutomationTesting] but found [Welcome, AutomationTesting!]
at com.cms.testcases.DashboardTest.ValidateUserStatusOnDashboard(DashboardTest.java:117)
at java.base/java.util.ArrayList.forEach(ArrayList.java:1596)
... Removed 27 stack frames]]>
    </failure>
  </testcase> <!-- ValidateUserStatusOnDashboard -->
</testsuite> <!-- Test -->
