<?xml version="1.0" encoding="UTF-8"?>
<!-- Generated by org.testng.reporters.JUnitXMLReporter -->
<testsuite ignored="0" hostname="AmitKumar-AtlasAdm" failures="1" tests="1" name="Test" time="0.25" errors="0" timestamp="2024-07-17T12:37:50 IST">
  <testcase classname="com.cms.testcases.Copy_AccountTest2" name="@BeforeClass openUrl" time="0.006">
    <failure type="java.lang.NullPointerException" message="Cannot invoke &amp;quot;org.openqa.selenium.remote.RemoteWebDriver.manage()&amp;quot; because &amp;quot;com.cms.basetest.BaseTest.driverR&amp;quot; is null">
      <![CDATA[java.lang.NullPointerException: Cannot invoke "org.openqa.selenium.remote.RemoteWebDriver.manage()" because "com.cms.basetest.BaseTest.driverR" is null
at com.cms.basetest.BaseTest.initBrowser(BaseTest.java:141)
at com.cms.testcases.Copy_AccountTest2.openUrl(Copy_AccountTest2.java:41)
at java.base/java.util.ArrayList.forEach(ArrayList.java:1596)
... Removed 23 stack frames]]>
    </failure>
  </testcase> <!-- @BeforeClass openUrl -->
  <testcase classname="com.cms.testcases.Copy_AccountTest2" name="@BeforeMethod LaunchUrl" time="-1.721200070055E9">
    <skipped/>
  </testcase> <!-- @BeforeMethod LaunchUrl -->
  <testcase classname="com.cms.testcases.Copy_AccountTest2" name="VerifyAddNewAccountFunctionality" time="0.217">
    <failure type="java.lang.NullPointerException" message="Cannot invoke &amp;quot;org.openqa.selenium.TakesScreenshot.getScreenshotAs(org.openqa.selenium.OutputType)&amp;quot; because &amp;quot;ts&amp;quot; is null">
      <![CDATA[java.lang.NullPointerException: Cannot invoke "org.openqa.selenium.TakesScreenshot.getScreenshotAs(org.openqa.selenium.OutputType)" because "ts" is null
at com.cms.utility.Utility.getScreenshot(Utility.java:24)
at com.cms.listener.Listener.configureReport(Listener.java:36)
at com.cms.listener.Listener.onTestStart(Listener.java:61)
at java.base/java.util.ArrayList.forEach(ArrayList.java:1596)
... Removed 25 stack frames]]>
    </failure>
  </testcase> <!-- VerifyAddNewAccountFunctionality -->
</testsuite> <!-- Test -->
