<?xml version="1.0" encoding="UTF-8"?>
<testng-results ignored="0" total="5" passed="5" failed="0" skipped="0">
  <reporter-output>
  </reporter-output>
  <suite started-at="2026-01-06T12:37:03 IST" name="Suite" finished-at="2026-01-06T12:38:19 IST" duration-ms="76313">
    <groups>
    </groups>
    <test started-at="2026-01-06T12:37:03 IST" name="Test" finished-at="2026-01-06T12:38:19 IST" duration-ms="76313">
      <class name="com.cms.testcases.DashboardTest">
        <test-method is-config="true" signature="openUrl(java.lang.String)[pri:0, instance:com.cms.testcases.DashboardTest@3eb738bb]" started-at="2026-01-06T12:37:03 IST" name="openUrl" finished-at="2026-01-06T12:37:10 IST" duration-ms="6307" status="PASS">
          <params>
            <param index="0">
              <value>
                <![CDATA[chrome]]>
              </value>
            </param>
          </params>
          <reporter-output>
          </reporter-output>
        </test-method> <!-- openUrl -->
        <test-method signature="DeleteTestUserRecord()[pri:0, instance:com.cms.testcases.DashboardTest@3eb738bb]" started-at="2026-01-06T12:37:10 IST" name="DeleteTestUserRecord" finished-at="2026-01-06T12:37:13 IST" duration-ms="2925" status="PASS">
          <reporter-output>
          </reporter-output>
        </test-method> <!-- DeleteTestUserRecord -->
        <test-method signature="ValidateUser()[pri:0, instance:com.cms.testcases.DashboardTest@3eb738bb]" started-at="2026-01-06T12:37:13 IST" name="ValidateUser" finished-at="2026-01-06T12:37:25 IST" duration-ms="12489" status="PASS">
          <reporter-output>
          </reporter-output>
        </test-method> <!-- ValidateUser -->
        <test-method signature="ValidateUserDashboardstatusFunctionality()[pri:1, instance:com.cms.testcases.DashboardTest@3eb738bb]" started-at="2026-01-06T12:37:25 IST" name="ValidateUserDashboardstatusFunctionality" finished-at="2026-01-06T12:37:41 IST" duration-ms="16314" status="PASS">
          <reporter-output>
          </reporter-output>
        </test-method> <!-- ValidateUserDashboardstatusFunctionality -->
        <test-method signature="ValidateUserClockin()[pri:2, instance:com.cms.testcases.DashboardTest@3eb738bb]" started-at="2026-01-06T12:37:41 IST" name="ValidateUserClockin" finished-at="2026-01-06T12:38:02 IST" duration-ms="20820" status="PASS">
          <reporter-output>
          </reporter-output>
        </test-method> <!-- ValidateUserClockin -->
        <test-method signature="ValidateUserStatusChangeonDashboard()[pri:3, instance:com.cms.testcases.DashboardTest@3eb738bb]" started-at="2026-01-06T12:38:02 IST" name="ValidateUserStatusChangeonDashboard" finished-at="2026-01-06T12:38:18 IST" duration-ms="16022" status="PASS">
          <reporter-output>
          </reporter-output>
        </test-method> <!-- ValidateUserStatusChangeonDashboard -->
        <test-method is-config="true" signature="closebrowser()[pri:0, instance:com.cms.testcases.DashboardTest@3eb738bb]" started-at="2026-01-06T12:38:18 IST" name="closebrowser" finished-at="2026-01-06T12:38:19 IST" duration-ms="1164" status="PASS">
          <reporter-output>
          </reporter-output>
        </test-method> <!-- closebrowser -->
      </class> <!-- com.cms.testcases.DashboardTest -->
    </test> <!-- Test -->
  </suite> <!-- Suite -->
</testng-results>
