<?xml version="1.0" encoding="UTF-8"?>
<!-- Generated by org.testng.reporters.JUnitReportReporter -->
<testsuite hostname="AMIT-ANDT1025" failures="0" tests="2" name="com.cms.testcases.NegativeScenarioTimesheetSubmissionApproval_TaskHrGreater" time="134.912" errors="0" timestamp="2026-01-09T13:09:40 IST" skipped="0">
  <testcase classname="com.cms.testcases.NegativeScenarioTimesheetSubmissionApproval_TaskHrGreater" name="DeleteTestUserRecord" time="2.968"/>
  <system-out/>
  <testcase classname="com.cms.testcases.NegativeScenarioTimesheetSubmissionApproval_TaskHrGreater" name="ValidateTimesheetSubmissionFunctionality" time="131.944"/>
  <system-out/>
</testsuite> <!-- com.cms.testcases.NegativeScenarioTimesheetSubmissionApproval_TaskHrGreater -->
