<?xml version="1.0" encoding="UTF-8"?>
<!-- Generated by org.testng.reporters.JUnitReportReporter -->
<testsuite hostname="AMIT-ANDT1025" failures="0" tests="2" name="com.cms.testcases.NegativeTimesheetSubmissionApproval_TaskHrLesser" time="120.070" errors="0" timestamp="2025-12-12T15:09:12 IST" skipped="0">
  <testcase classname="com.cms.testcases.NegativeTimesheetSubmissionApproval_TaskHrLesser" name="DeleteTestUserRecord" time="3.013"/>
  <system-out/>
  <testcase classname="com.cms.testcases.NegativeTimesheetSubmissionApproval_TaskHrLesser" name="ValidateTimesheetSubmissionFunctionality" time="117.057"/>
  <system-out/>
</testsuite> <!-- com.cms.testcases.NegativeTimesheetSubmissionApproval_TaskHrLesser -->
