<?xml version="1.0" encoding="UTF-8"?>
<!-- Generated by org.testng.reporters.JUnitReportReporter -->
<testsuite hostname="AmitKumar-AtlasAdm" failures="0" tests="6" name="com.cms.testcases.RegularizationTest" time="101.801" errors="0" timestamp="2025-09-05T03:21:28 GMT-04:00" skipped="0">
  <testcase classname="com.cms.testcases.RegularizationTest" name="DeleteTestUserRecord" time="0.505"/>
  <system-out/>
  <testcase classname="com.cms.testcases.RegularizationTest" name="DeleteTestUserRecord" time="2.385"/>
  <system-out/>
  <testcase classname="com.cms.testcases.RegularizationTest" name="DeleteTestUserRecord" time="0.499"/>
  <system-out/>
  <testcase classname="com.cms.testcases.RegularizationTest" name="ValidateRegularizationFunctionality" time="30.151"/>
  <system-out/>
  <testcase classname="com.cms.testcases.RegularizationTest" name="ValidateRegularizationFunctionality" time="30.252"/>
  <system-out/>
  <testcase classname="com.cms.testcases.RegularizationTest" name="ValidateRegularizationFunctionality" time="38.009"/>
  <system-out/>
</testsuite> <!-- com.cms.testcases.RegularizationTest -->
