<?xml version="1.0" encoding="UTF-8"?>
<!-- Generated by org.testng.reporters.JUnitReportReporter -->
<testsuite hostname="AMIT-ANDT1025" failures="0" tests="3" name="com.cms.testcases.Enterpriselevel_TimesheetSubmissionApproval" time="163.083" errors="0" timestamp="2025-12-15T17:55:10 IST" skipped="0">
  <testcase classname="com.cms.testcases.Enterpriselevel_TimesheetSubmissionApproval" name="DeleteTestUserRecord" time="3.585"/>
  <system-out/>
  <testcase classname="com.cms.testcases.Enterpriselevel_TimesheetSubmissionApproval" name="shouldnotallowtimesheetsubmissionWhenClockOut_Missing" time="117.569"/>
  <system-out/>
  <testcase classname="com.cms.testcases.Enterpriselevel_TimesheetSubmissionApproval" name="ValidateApproveTimesheetReportFunctionality" time="41.929"/>
  <system-out/>
</testsuite> <!-- com.cms.testcases.Enterpriselevel_TimesheetSubmissionApproval -->
