<?xml version="1.0" encoding="UTF-8"?>
<!-- Generated by org.testng.reporters.JUnitReportReporter -->
<testsuite hostname="AMIT-ANDT1025" failures="0" tests="2" name="com.cms.testcases.NegativeScenarioTimesheetSubmissionApproval_TaskHrLesser" time="119.249" errors="0" timestamp="2025-12-18T17:11:49 IST" skipped="0">
  <testcase classname="com.cms.testcases.NegativeScenarioTimesheetSubmissionApproval_TaskHrLesser" name="DeleteTestUserRecord" time="2.402"/>
  <system-out/>
  <testcase classname="com.cms.testcases.NegativeScenarioTimesheetSubmissionApproval_TaskHrLesser" name="ValidateTimesheetSubmissionFunctionality" time="116.847"/>
  <system-out/>
</testsuite> <!-- com.cms.testcases.NegativeScenarioTimesheetSubmissionApproval_TaskHrLesser -->
