<?xml version="1.0" encoding="UTF-8"?>
<!-- Generated by org.testng.reporters.JUnitReportReporter -->
<testsuite hostname="AmitKumar-AtlasAdm" failures="0" tests="4" name="com.cms.testcases.UploadandSave_TimesheetScenario" time="207.252" errors="0" timestamp="2025-09-26T01:41:52 GMT-04:00" skipped="0">
  <testcase classname="com.cms.testcases.UploadandSave_TimesheetScenario" name="DeleteTestUserRecord" time="1.921"/>
  <system-out/>
  <testcase classname="com.cms.testcases.UploadandSave_TimesheetScenario" name="ValidateTimesheetSubmissionFunctionality" time="124.442"/>
  <system-out/>
  <testcase classname="com.cms.testcases.UploadandSave_TimesheetScenario" name="ValidateShowFileFunctionality" time="39.879"/>
  <system-out/>
  <testcase classname="com.cms.testcases.UploadandSave_TimesheetScenario" name="ValidateApproveTimesheetReportFunctionality" time="41.010"/>
  <system-out/>
</testsuite> <!-- com.cms.testcases.UploadandSave_TimesheetScenario -->
