<?xml version="1.0" encoding="UTF-8"?>
<!-- Generated by org.testng.reporters.JUnitReportReporter -->
<testsuite hostname="AMIT-ANDT1025" failures="0" tests="2" name="com.cms.testcases.NegativeScenarioTimesheetSubmissionApproval_MissingClockOut" time="119.563" errors="0" timestamp="2025-12-11T15:09:10 IST" skipped="0">
  <testcase classname="com.cms.testcases.NegativeScenarioTimesheetSubmissionApproval_MissingClockOut" name="DeleteTestUserRecord" time="2.313"/>
  <system-out/>
  <testcase classname="com.cms.testcases.NegativeScenarioTimesheetSubmissionApproval_MissingClockOut" name="ValidateTimesheetSubmissionFunctionality" time="117.250"/>
  <system-out/>
</testsuite> <!-- com.cms.testcases.NegativeScenarioTimesheetSubmissionApproval_MissingClockOut -->
