<?xml version="1.0" encoding="UTF-8"?>
<!-- Generated by org.testng.reporters.JUnitReportReporter -->
<testsuite hostname="AMIT-ANDT1025" failures="0" tests="2" name="com.cms.testcases.NegativeScenarioTimesheetSubmissionApproval_TaskHrLesser" time="119.230" errors="0" timestamp="2025-12-16T18:05:04 IST" skipped="0">
  <testcase classname="com.cms.testcases.NegativeScenarioTimesheetSubmissionApproval_TaskHrLesser" name="DeleteTestUserRecord" time="2.277"/>
  <system-out/>
  <testcase classname="com.cms.testcases.NegativeScenarioTimesheetSubmissionApproval_TaskHrLesser" name="ValidateTimesheetSubmissionFunctionality" time="116.953"/>
  <system-out/>
</testsuite> <!-- com.cms.testcases.NegativeScenarioTimesheetSubmissionApproval_TaskHrLesser -->
