<?xml version="1.0" encoding="UTF-8"?>
<!-- Generated by org.testng.reporters.JUnitReportReporter -->
<testsuite hostname="AMIT-ANDT1025" failures="0" tests="1" name="com.cms.testcases.LoginTestWithInvalidCredential" time="12.103" errors="0" timestamp="2025-12-10T18:37:47 IST" skipped="0">
  <testcase classname="com.cms.testcases.LoginTestWithInvalidCredential" name="ValidateLoginFunctionality" time="12.103"/>
  <system-out/>
</testsuite> <!-- com.cms.testcases.LoginTestWithInvalidCredential -->
