<?xml version="1.0" encoding="UTF-8"?>
<!-- Generated by org.testng.reporters.JUnitReportReporter -->
<testsuite hostname="AMIT-ANDT1025" failures="0" tests="2" name="com.cms.testcases.NegativeScenarioTimesheetSubmissionApproval_TaskHrGreater" time="120.089" errors="0" timestamp="2025-12-16T18:02:30 IST" skipped="0">
  <testcase classname="com.cms.testcases.NegativeScenarioTimesheetSubmissionApproval_TaskHrGreater" name="DeleteTestUserRecord" time="2.509"/>
  <system-out/>
  <testcase classname="com.cms.testcases.NegativeScenarioTimesheetSubmissionApproval_TaskHrGreater" name="ValidateTimesheetSubmissionFunctionality" time="117.580"/>
  <system-out/>
</testsuite> <!-- com.cms.testcases.NegativeScenarioTimesheetSubmissionApproval_TaskHrGreater -->
