<?xml version="1.0" encoding="UTF-8"?>
<!-- Generated by org.testng.reporters.JUnitReportReporter -->
<testsuite hostname="AMIT-ANDT1025" failures="0" tests="3" name="com.cms.testcases.FinalTimesheetSubmissionApproval" time="169.800" errors="0" timestamp="2025-12-12T14:01:46 IST" skipped="0">
  <testcase classname="com.cms.testcases.FinalTimesheetSubmissionApproval" name="DeleteTestUserRecord" time="3.340"/>
  <system-out/>
  <testcase classname="com.cms.testcases.FinalTimesheetSubmissionApproval" name="ValidateTimesheetSubmissionFunctionality" time="123.684"/>
  <system-out/>
  <testcase classname="com.cms.testcases.FinalTimesheetSubmissionApproval" name="ValidateApproveTimesheetReportFunctionality" time="42.776"/>
  <system-out/>
</testsuite> <!-- com.cms.testcases.FinalTimesheetSubmissionApproval -->
