<?xml version="1.0" encoding="UTF-8"?>
<!-- Generated by org.testng.reporters.JUnitReportReporter -->
<testsuite hostname="AmitKumar-AtlasAdm" failures="0" tests="2" name="com.cms.testcases.TimesheetSubmissionScenario5" time="114.726" errors="0" timestamp="2025-09-19T04:07:54 GMT-04:00" skipped="0">
  <testcase classname="com.cms.testcases.TimesheetSubmissionScenario5" name="DeleteTestUserRecord" time="2.833"/>
  <system-out/>
  <testcase classname="com.cms.testcases.TimesheetSubmissionScenario5" name="ValidateaddNewTimesheetFunctionality" time="111.893"/>
  <system-out/>
</testsuite> <!-- com.cms.testcases.TimesheetSubmissionScenario5 -->
