<?xml version="1.0" encoding="UTF-8"?>
<!-- Generated by org.testng.reporters.JUnitReportReporter -->
<testsuite hostname="AMIT-ANDT1025" failures="0" tests="2" name="com.cms.testcases.DashboardTest" time="70.248" errors="0" timestamp="2026-01-13T15:03:20 IST" skipped="0">
  <testcase classname="com.cms.testcases.DashboardTest" name="DeleteTestUserRecord" time="2.759"/>
  <system-out/>
  <testcase classname="com.cms.testcases.DashboardTest" name="ValidateUserStatusOnDashboard" time="67.489"/>
  <system-out/>
</testsuite> <!-- com.cms.testcases.DashboardTest -->
