<?xml version="1.0" encoding="UTF-8"?>
<!-- Generated by org.testng.reporters.JUnitReportReporter -->
<testsuite hostname="AMIT-ANDT1025" failures="0" tests="5" name="com.cms.testcases.DashboardTest" time="68.570" errors="0" timestamp="2026-01-06T12:38:20 IST" skipped="0">
  <testcase classname="com.cms.testcases.DashboardTest" name="DeleteTestUserRecord" time="2.925"/>
  <system-out/>
  <testcase classname="com.cms.testcases.DashboardTest" name="ValidateUser" time="12.489"/>
  <system-out/>
  <testcase classname="com.cms.testcases.DashboardTest" name="ValidateUserDashboardstatusFunctionality" time="16.314"/>
  <system-out/>
  <testcase classname="com.cms.testcases.DashboardTest" name="ValidateUserClockin" time="20.820"/>
  <system-out/>
  <testcase classname="com.cms.testcases.DashboardTest" name="ValidateUserStatusChangeonDashboard" time="16.022"/>
  <system-out/>
</testsuite> <!-- com.cms.testcases.DashboardTest -->
