<?xml version="1.0" encoding="UTF-8"?>
<!-- Generated by org.testng.reporters.JUnitReportReporter -->
<testsuite hostname="AMIT-ANDT1025" failures="0" tests="2" name="com.cms.testcases.TimesheetSubmissionScenario4" time="49.193" errors="0" timestamp="2025-12-10T18:59:28 IST" skipped="0">
  <testcase classname="com.cms.testcases.TimesheetSubmissionScenario4" name="DeleteTestUserRecord" time="2.464"/>
  <system-out/>
  <testcase classname="com.cms.testcases.TimesheetSubmissionScenario4" name="ValidateaddNewTimesheetFunctionality" time="46.729"/>
  <system-out/>
</testsuite> <!-- com.cms.testcases.TimesheetSubmissionScenario4 -->
