<?xml version="1.0" encoding="UTF-8"?>
<!-- Generated by org.testng.reporters.JUnitReportReporter -->
<testsuite hostname="AmitKumar-AtlasAdm" failures="0" tests="6" name="com.cms.testcases.TimesheetSubmissionScenario1" time="350.298" errors="0" timestamp="2025-09-15T02:21:40 GMT-04:00" skipped="0">
  <testcase classname="com.cms.testcases.TimesheetSubmissionScenario1" name="DeleteTestUserRecord" time="0.454"/>
  <system-out/>
  <testcase classname="com.cms.testcases.TimesheetSubmissionScenario1" name="DeleteTestUserRecord" time="0.459"/>
  <system-out/>
  <testcase classname="com.cms.testcases.TimesheetSubmissionScenario1" name="DeleteTestUserRecord" time="3.990"/>
  <system-out/>
  <testcase classname="com.cms.testcases.TimesheetSubmissionScenario1" name="ValidateaddNewTimesheetFunctionality" time="122.384"/>
  <system-out/>
  <testcase classname="com.cms.testcases.TimesheetSubmissionScenario1" name="ValidateaddNewTimesheetFunctionality" time="111.144"/>
  <system-out/>
  <testcase classname="com.cms.testcases.TimesheetSubmissionScenario1" name="ValidateaddNewTimesheetFunctionality" time="111.867"/>
  <system-out/>
</testsuite> <!-- com.cms.testcases.TimesheetSubmissionScenario1 -->
