<?xml version="1.0" encoding="UTF-8"?>
<!-- Generated by org.testng.reporters.JUnitReportReporter -->
<testsuite hostname="AMIT-ANDT1025" failures="0" tests="3" name="com.cms.testcases.TimesheetSubmissionApprovalcopy" time="163.557" errors="0" timestamp="2025-12-10T12:14:01 IST" skipped="0">
  <testcase classname="com.cms.testcases.TimesheetSubmissionApprovalcopy" name="DeleteTestUserRecord" time="4.858"/>
  <system-out/>
  <testcase classname="com.cms.testcases.TimesheetSubmissionApprovalcopy" name="ValidateTimesheetSubmissionFunctionality" time="117.421"/>
  <system-out/>
  <testcase classname="com.cms.testcases.TimesheetSubmissionApprovalcopy" name="ValidateApproveTimesheetReportFunctionality" time="41.278"/>
  <system-out/>
</testsuite> <!-- com.cms.testcases.TimesheetSubmissionApprovalcopy -->
