<?xml version="1.0" encoding="UTF-8"?>
<!-- Generated by org.testng.reporters.JUnitReportReporter -->
<testsuite hostname="AMIT-ANDT1025" failures="0" tests="2" name="com.cms.testcases.ApplyLeaveTest" time="42.140" errors="0" timestamp="2025-12-15T15:11:45 IST" skipped="0">
  <testcase classname="com.cms.testcases.ApplyLeaveTest" name="DeleteTestUserRecord" time="5.507"/>
  <system-out/>
  <testcase classname="com.cms.testcases.ApplyLeaveTest" name="ValidateapplyLeaveFunctionality" time="36.633"/>
  <system-out/>
</testsuite> <!-- com.cms.testcases.ApplyLeaveTest -->
