<?xml version="1.0" encoding="UTF-8"?>
<!-- Generated by org.testng.reporters.JUnitReportReporter -->
<testsuite hostname="AMIT-ANDT1025" failures="0" tests="2" name="com.cms.testcases.EnterprisesStructuredNegativeScenarioTimesheetApproval_MissingTask" time="110.405" errors="0" timestamp="2025-12-29T12:29:31 IST" skipped="0">
  <testcase classname="com.cms.testcases.EnterprisesStructuredNegativeScenarioTimesheetApproval_MissingTask" name="DeleteTestUserRecord" time="3.282"/>
  <system-out/>
  <testcase classname="com.cms.testcases.EnterprisesStructuredNegativeScenarioTimesheetApproval_MissingTask" name="shouldNotallowTimesheetSubmissionWhen_MissingTask" time="107.123"/>
  <system-out/>
</testsuite> <!-- com.cms.testcases.EnterprisesStructuredNegativeScenarioTimesheetApproval_MissingTask -->
