<?xml version="1.0" encoding="UTF-8"?>
<!-- Generated by org.testng.reporters.JUnitReportReporter -->
<testsuite hostname="AMIT-ANDT1025" failures="0" tests="3" name="com.cms.testcases.TimesheetSubmissionApproval" time="225.812" errors="0" timestamp="2025-12-09T11:56:46 IST" skipped="0">
  <testcase classname="com.cms.testcases.TimesheetSubmissionApproval" name="DeleteTestUserRecord" time="4.061"/>
  <system-out/>
  <testcase classname="com.cms.testcases.TimesheetSubmissionApproval" name="ValidateTimesheetSubmissionFunctionality" time="119.230"/>
  <system-out/>
  <testcase classname="com.cms.testcases.TimesheetSubmissionApproval" name="ValidateApproveTimesheetReportFunctionality" time="102.521"/>
  <system-out/>
</testsuite> <!-- com.cms.testcases.TimesheetSubmissionApproval -->
