<?xml version="1.0" encoding="UTF-8"?>
<!-- Generated by org.testng.reporters.JUnitReportReporter -->
<testsuite hostname="AMIT-ANDT1025" failures="0" tests="3" name="com.cms.testcases.FinalTimesheetSubmissionApproval" time="162.058" errors="0" timestamp="2025-12-11T11:27:21 IST" skipped="0">
  <testcase classname="com.cms.testcases.FinalTimesheetSubmissionApproval" name="DeleteTestUserRecord" time="2.523"/>
  <system-out/>
  <testcase classname="com.cms.testcases.FinalTimesheetSubmissionApproval" name="ValidateTimesheetSubmissionFunctionality" time="117.776"/>
  <system-out/>
  <testcase classname="com.cms.testcases.FinalTimesheetSubmissionApproval" name="ValidateApproveTimesheetReportFunctionality" time="41.759"/>
  <system-out/>
</testsuite> <!-- com.cms.testcases.FinalTimesheetSubmissionApproval -->
