<?xml version="1.0" encoding="UTF-8"?>
<!-- Generated by org.testng.reporters.JUnitReportReporter -->
<testsuite hostname="AMIT-ANDT1025" failures="0" tests="2" name="com.cms.testcases.Validate_UserInterfaceAttendanceFunctionality" time="224.433" errors="0" timestamp="2025-12-18T13:02:00 IST" skipped="0">
  <testcase classname="com.cms.testcases.Validate_UserInterfaceAttendanceFunctionality" name="DeleteTestUserRecord" time="2.973"/>
  <system-out/>
  <testcase classname="com.cms.testcases.Validate_UserInterfaceAttendanceFunctionality" name="ValidateAddedTimesheetEntry" time="221.460"/>
  <system-out/>
</testsuite> <!-- com.cms.testcases.Validate_UserInterfaceAttendanceFunctionality -->
