<?xml version="1.0" encoding="UTF-8"?>
<!-- Generated by org.testng.reporters.JUnitReportReporter -->
<testsuite hostname="AmitKumar-AtlasAdm" failures="0" tests="5" name="com.cms.testcases.AddTaskTestNegativeScenario_3" time="48.083" errors="0" timestamp="2025-09-09T01:31:42 GMT-04:00" skipped="0">
  <testcase classname="com.cms.testcases.AddTaskTestNegativeScenario_3" name="ValidateClockIn" time="3.101"/>
  <system-out/>
  <testcase classname="com.cms.testcases.AddTaskTestNegativeScenario_3" name="ValidateBreakIn" time="1.358"/>
  <system-out/>
  <testcase classname="com.cms.testcases.AddTaskTestNegativeScenario_3" name="ValidateBreakOut" time="1.358"/>
  <system-out/>
  <testcase classname="com.cms.testcases.AddTaskTestNegativeScenario_3" name="ValidateClockOut" time="1.189"/>
  <system-out/>
  <testcase classname="com.cms.testcases.AddTaskTestNegativeScenario_3" name="ValidateAddTaskFunctionalityAfterClockOut" time="41.077"/>
  <system-out/>
</testsuite> <!-- com.cms.testcases.AddTaskTestNegativeScenario_3 -->
