<?xml version="1.0" encoding="UTF-8"?>
<!-- Generated by org.testng.reporters.JUnitReportReporter -->
<testsuite hostname="AMIT-ANDT1025" failures="0" tests="6" name="com.cms.testcases.Enterprise_StructuredTimesheetSubmissionApproval_MissingClockOut" time="138.033" errors="0" timestamp="2026-01-05T18:36:49 IST" skipped="0">
  <testcase classname="com.cms.testcases.Enterprise_StructuredTimesheetSubmissionApproval_MissingClockOut" name="DeleteTestUserRecord" time="2.787"/>
  <system-out/>
  <testcase classname="com.cms.testcases.Enterprise_StructuredTimesheetSubmissionApproval_MissingClockOut" name="LoginAsUser" time="17.846"/>
  <system-out/>
  <testcase classname="com.cms.testcases.Enterprise_StructuredTimesheetSubmissionApproval_MissingClockOut" name="shouldNotSubmitTimesheet_WhenTaskMissing" time="17.113"/>
  <system-out/>
  <testcase classname="com.cms.testcases.Enterprise_StructuredTimesheetSubmissionApproval_MissingClockOut" name="creatingWeeklyTimesheetEntry" time="21.597"/>
  <system-out/>
  <testcase classname="com.cms.testcases.Enterprise_StructuredTimesheetSubmissionApproval_MissingClockOut" name="addingTaskToavailableEntry" time="71.037"/>
  <system-out/>
  <testcase classname="com.cms.testcases.Enterprise_StructuredTimesheetSubmissionApproval_MissingClockOut" name="validatingErrorMsgOnTimesheetSubmission" time="7.653"/>
  <system-out/>
</testsuite> <!-- com.cms.testcases.Enterprise_StructuredTimesheetSubmissionApproval_MissingClockOut -->
