<?xml version="1.0" encoding="UTF-8"?>
<!-- Generated by org.testng.reporters.JUnitReportReporter -->
<testsuite hostname="AMIT-ANDT1025" failures="0" tests="2" name="com.cms.testcases.NegativeTimesheetSubmissionApproval_MissingTask" time="109.592" errors="0" timestamp="2025-12-11T15:11:17 IST" skipped="0">
  <testcase classname="com.cms.testcases.NegativeTimesheetSubmissionApproval_MissingTask" name="DeleteTestUserRecord" time="3.098"/>
  <system-out/>
  <testcase classname="com.cms.testcases.NegativeTimesheetSubmissionApproval_MissingTask" name="ValidateTimesheetSubmissionFunctionality" time="106.494"/>
  <system-out/>
</testsuite> <!-- com.cms.testcases.NegativeTimesheetSubmissionApproval_MissingTask -->
