<?xml version="1.0" encoding="UTF-8"?>
<!-- Generated by org.testng.reporters.JUnitReportReporter -->
<testsuite hostname="AMIT-ANDT1025" failures="0" tests="2" name="com.cms.testcases.NegativeTimesheetSubmissionApproval_TaskHrGreater" time="120.716" errors="0" timestamp="2025-12-12T14:59:57 IST" skipped="0">
  <testcase classname="com.cms.testcases.NegativeTimesheetSubmissionApproval_TaskHrGreater" name="DeleteTestUserRecord" time="3.005"/>
  <system-out/>
  <testcase classname="com.cms.testcases.NegativeTimesheetSubmissionApproval_TaskHrGreater" name="ValidateTimesheetSubmissionFunctionality" time="117.711"/>
  <system-out/>
</testsuite> <!-- com.cms.testcases.NegativeTimesheetSubmissionApproval_TaskHrGreater -->
