<?xml version="1.0" encoding="UTF-8"?>
<!-- Generated by org.testng.reporters.JUnitReportReporter -->
<testsuite hostname="AMIT-ANDT1025" failures="0" tests="3" name="com.cms.testcases.PositiveScenarioTimesheetSubmissionApproval" time="163.090" errors="0" timestamp="2026-01-06T12:35:42 IST" skipped="0">
  <testcase classname="com.cms.testcases.PositiveScenarioTimesheetSubmissionApproval" name="DeleteTestUserRecord" time="2.977"/>
  <system-out/>
  <testcase classname="com.cms.testcases.PositiveScenarioTimesheetSubmissionApproval" name="ValidateTimesheetSubmissionFunctionality" time="118.191"/>
  <system-out/>
  <testcase classname="com.cms.testcases.PositiveScenarioTimesheetSubmissionApproval" name="ValidateApproveTimesheetReportFunctionality" time="41.922"/>
  <system-out/>
</testsuite> <!-- com.cms.testcases.PositiveScenarioTimesheetSubmissionApproval -->
